<?xml version="1.0" encoding="UTF-8"?>
<testsuite name="CarSharingTest" tests="1" skipped="0" failures="0" errors="0" timestamp="2021-08-14T14:40:40" hostname="DESKTOP-33AIMNS" time="2.956">
  <properties/>
  <testcase name="start" classname="CarSharingTest" time="2.956"/>
  <system-out><![CDATA[?[1;31m
Start test 1?[0m
1. Log in as a manager
2. Log in as a customer
3. Create a customer
0. Exit
> 0
?[1;31m
Start test 2?[0m
1. Log in as a manager
2. Log in as a customer
3. Create a customer
0. Exit
> 1
1. Company list
2. Create a company
0. Back
> 0
1. Log in as a manager
2. Log in as a customer
3. Create a customer
0. Exit
?[1;31m
Start test 3?[0m
?[1;31m
Start test 4?[0m
?[1;31m
Start test 5?[0m
?[1;31m
Start test 6?[0m
1. Log in as a manager
2. Log in as a customer
3. Create a customer
0. Exit
> 1
1. Company list
2. Create a company
0. Back
> 1

Choose a company:
The company list is empty!
1. Company list
2. Create a company
0. Back
> 2
Enter the company name:
> Super company
The company was created!
1. Company list
2. Create a company
0. Back
> 1

Choose a company:
1. Super company
0. Back
> 0
1. Company list
2. Create a company
0. Back
> 2
Enter the company name:
> Another company
The company was created!
1. Company list
2. Create a company
0. Back
> 2
Enter the company name:
> One more company
The company was created!
1. Company list
2. Create a company
0. Back
> 1

Choose a company:
1. Super company
2. Another company
3. One more company
0. Back
> 2
Another company company:
1. Car list
2. Create a car
0. Back
?[1;31m
Start test 7?[0m
1. Log in as a manager
2. Log in as a customer
3. Create a customer
0. Exit
> 1
1. Company list
2. Create a company
0. Back
> 2
Enter the company name:
> Car To Go
The company was created!
1. Company list
2. Create a company
0. Back
> 2
Enter the company name:
> Drive Now
The company was created!
1. Company list
2. Create a company
0. Back
> 1

Choose a company:
1. Car To Go
2. Drive Now
0. Back
> 1
Car To Go company:
1. Car list
2. Create a car
0. Back
> 1
The car list is empty!

Car To Go company:
1. Car list
2. Create a car
0. Back
> 2
Enter the car name:
> Hyundai Venue
The car was added!

Car To Go company:
1. Car list
2. Create a car
0. Back
> 2
Enter the car name:
> Maruti Suzuki Dzire
The car was added!

Car To Go company:
1. Car list
2. Create a car
0. Back
> 1
1. Hyundai Venue
2. Maruti Suzuki Dzire

Car To Go company:
1. Car list
2. Create a car
0. Back
> 0
1. Company list
2. Create a company
0. Back
> 1

Choose a company:
1. Car To Go
2. Drive Now
0. Back
> 2
Drive Now company:
1. Car list
2. Create a car
0. Back
> 1
The car list is empty!

Drive Now company:
1. Car list
2. Create a car
0. Back
> 2
Enter the car name:
> Lamborghini Urraco
The car was added!

Drive Now company:
1. Car list
2. Create a car
0. Back
> 1
1. Lamborghini Urraco

Drive Now company:
1. Car list
2. Create a car
0. Back
> 0
1. Company list
2. Create a company
0. Back
> 0
1. Log in as a manager
2. Log in as a customer
3. Create a customer
0. Exit
> 0
?[1;31m
Start test 8?[0m
1. Log in as a manager
2. Log in as a customer
3. Create a customer
0. Exit
> 2
The customer list is empty!
1. Log in as a manager
2. Log in as a customer
3. Create a customer
0. Exit
> 3
Enter the customer name:
> First customer
The customer was added!
1. Log in as a manager
2. Log in as a customer
3. Create a customer
0. Exit
> 3
Enter the customer name:
> Second customer
The customer was added!
1. Log in as a manager
2. Log in as a customer
3. Create a customer
0. Exit
> 2

1. First customer
2. Second customer
0. Back
> 1

1. Rent a car
2. Return a rented car
3. My rented car
0. Back
> 3
You didn't rent a car!

1. Rent a car
2. Return a rented car
3. My rented car
0. Back
> 2
You didn't rent a car!

1. Rent a car
2. Return a rented car
3. My rented car
0. Back
?[1;31m
Start test 9?[0m
1. Log in as a manager
2. Log in as a customer
3. Create a customer
0. Exit
> 2

1. First customer
2. Second customer
0. Back
> 1

1. Rent a car
2. Return a rented car
3. My rented car
0. Back
> 1

Choose a company:
1. Car To Go
2. Drive Now
0. Back
> 1

Choose a car:
1. Hyundai Venue
2. Maruti Suzuki Dzire
0. Back
> 1
You rented 'Hyundai Venue'

1. Rent a car
2. Return a rented car
3. My rented car
0. Back
> 3
Your rented car:
Hyundai Venue
Company:
Car To Go

1. Rent a car
2. Return a rented car
3. My rented car
0. Back
> 1
You've already rented a car!

1. Rent a car
2. Return a rented car
3. My rented car
0. Back
> 2
You've returned a rented car!

1. Rent a car
2. Return a rented car
3. My rented car
0. Back
> 0
1. Log in as a manager
2. Log in as a customer
3. Create a customer
0. Exit
> 0
?[1;31m
Start test 10?[0m
1. Log in as a manager
2. Log in as a customer
3. Create a customer
0. Exit
> 2

1. First customer
2. Second customer
0. Back
> 2

1. Rent a car
2. Return a rented car
3. My rented car
0. Back
> 1

Choose a company:
1. Car To Go
2. Drive Now
0. Back
> 1

Choose a car:
1. Hyundai Venue
2. Maruti Suzuki Dzire
0. Back
> 1
You rented 'Hyundai Venue'

1. Rent a car
2. Return a rented car
3. My rented car
0. Back
> 0
1. Log in as a manager
2. Log in as a customer
3. Create a customer
0. Exit
> 2

1. First customer
2. Second customer
0. Back
> 1

1. Rent a car
2. Return a rented car
3. My rented car
0. Back
> 1

Choose a company:
1. Car To Go
2. Drive Now
0. Back
> 1

Choose a car:
2. Maruti Suzuki Dzire
0. Back
> 0

1. Rent a car
2. Return a rented car
3. My rented car
0. Back
> 0
1. Log in as a manager
2. Log in as a customer
3. Create a customer
0. Exit
> 0
]]></system-out>
  <system-err><![CDATA[org.h2.jdbc.JdbcSQLSyntaxErrorException: Table "COMPANY" not found; SQL statement:
ALTER TABLE COMPANY ALTER COLUMN ID RESTART WITH 1 [42102-200]
	at org.h2.message.DbException.getJdbcSQLException(DbException.java:453)
	at org.h2.message.DbException.getJdbcSQLException(DbException.java:429)
	at org.h2.message.DbException.get(DbException.java:205)
	at org.h2.message.DbException.get(DbException.java:181)
	at org.h2.command.Parser.tableIfTableExists(Parser.java:8041)
	at org.h2.command.Parser.columnIfTableExists(Parser.java:8048)
	at org.h2.command.Parser.parseAlterTableAlter(Parser.java:7712)
	at org.h2.command.Parser.parseAlterTable(Parser.java:7698)
	at org.h2.command.Parser.parseAlter(Parser.java:6983)
	at org.h2.command.Parser.parsePrepared(Parser.java:887)
	at org.h2.command.Parser.parse(Parser.java:843)
	at org.h2.command.Parser.parse(Parser.java:815)
	at org.h2.command.Parser.prepareCommand(Parser.java:738)
	at org.h2.engine.Session.prepareLocal(Session.java:657)
	at org.h2.engine.Session.prepareCommand(Session.java:595)
	at org.h2.jdbc.JdbcConnection.prepareCommand(JdbcConnection.java:1235)
	at org.h2.jdbc.JdbcPreparedStatement.<init>(JdbcPreparedStatement.java:76)
	at org.h2.jdbc.JdbcConnection.prepareStatement(JdbcConnection.java:352)
	at carsharing.DB.dropTable(DB.java:26)
	at carsharing.Main.start(Main.java:250)
	at carsharing.Main.main(Main.java:270)
	at java.base/jdk.internal.reflect.NativeMethodAccessorImpl.invoke0(Native Method)
	at java.base/jdk.internal.reflect.NativeMethodAccessorImpl.invoke(NativeMethodAccessorImpl.java:62)
	at java.base/jdk.internal.reflect.DelegatingMethodAccessorImpl.invoke(DelegatingMethodAccessorImpl.java:43)
	at java.base/java.lang.reflect.Method.invoke(Method.java:566)
	at org.hyperskill.hstest.testing.execution.MainMethodExecutor.invokeMain(MainMethodExecutor.java:173)
	at org.hyperskill.hstest.testing.execution.MainMethodExecutor.lambda$launch$0(MainMethodExecutor.java:200)
	at java.base/java.util.concurrent.Executors$RunnableAdapter.call(Executors.java:515)
	at java.base/java.util.concurrent.FutureTask.run(FutureTask.java:264)
	at java.base/java.util.concurrent.ThreadPoolExecutor.runWorker(ThreadPoolExecutor.java:1128)
	at java.base/java.util.concurrent.ThreadPoolExecutor$Worker.run(ThreadPoolExecutor.java:628)
	at java.base/java.lang.Thread.run(Thread.java:829)
org.h2.jdbc.JdbcSQLSyntaxErrorException: Table "CAR" not found; SQL statement:
ALTER TABLE CAR ALTER COLUMN ID RESTART WITH 1 [42102-200]
	at org.h2.message.DbException.getJdbcSQLException(DbException.java:453)
	at org.h2.message.DbException.getJdbcSQLException(DbException.java:429)
	at org.h2.message.DbException.get(DbException.java:205)
	at org.h2.message.DbException.get(DbException.java:181)
	at org.h2.command.Parser.tableIfTableExists(Parser.java:8041)
	at org.h2.command.Parser.columnIfTableExists(Parser.java:8048)
	at org.h2.command.Parser.parseAlterTableAlter(Parser.java:7712)
	at org.h2.command.Parser.parseAlterTable(Parser.java:7698)
	at org.h2.command.Parser.parseAlter(Parser.java:6983)
	at org.h2.command.Parser.parsePrepared(Parser.java:887)
	at org.h2.command.Parser.parse(Parser.java:843)
	at org.h2.command.Parser.parse(Parser.java:815)
	at org.h2.command.Parser.prepareCommand(Parser.java:738)
	at org.h2.engine.Session.prepareLocal(Session.java:657)
	at org.h2.engine.Session.prepareCommand(Session.java:595)
	at org.h2.jdbc.JdbcConnection.prepareCommand(JdbcConnection.java:1235)
	at org.h2.jdbc.JdbcPreparedStatement.<init>(JdbcPreparedStatement.java:76)
	at org.h2.jdbc.JdbcConnection.prepareStatement(JdbcConnection.java:352)
	at carsharing.DB.dropTable(DB.java:26)
	at carsharing.Main.start(Main.java:251)
	at carsharing.Main.main(Main.java:270)
	at java.base/jdk.internal.reflect.NativeMethodAccessorImpl.invoke0(Native Method)
	at java.base/jdk.internal.reflect.NativeMethodAccessorImpl.invoke(NativeMethodAccessorImpl.java:62)
	at java.base/jdk.internal.reflect.DelegatingMethodAccessorImpl.invoke(DelegatingMethodAccessorImpl.java:43)
	at java.base/java.lang.reflect.Method.invoke(Method.java:566)
	at org.hyperskill.hstest.testing.execution.MainMethodExecutor.invokeMain(MainMethodExecutor.java:173)
	at org.hyperskill.hstest.testing.execution.MainMethodExecutor.lambda$launch$0(MainMethodExecutor.java:200)
	at java.base/java.util.concurrent.Executors$RunnableAdapter.call(Executors.java:515)
	at java.base/java.util.concurrent.FutureTask.run(FutureTask.java:264)
	at java.base/java.util.concurrent.ThreadPoolExecutor.runWorker(ThreadPoolExecutor.java:1128)
	at java.base/java.util.concurrent.ThreadPoolExecutor$Worker.run(ThreadPoolExecutor.java:628)
	at java.base/java.lang.Thread.run(Thread.java:829)
]]></system-err>
</testsuite>
